[2023-01-04 16:01:18] live.ERROR: Please provide a valid cache path. {"exception":"[object] (InvalidArgumentException(code: 0): Please provide a valid cache path. at /home/909502.cloudwaysapps.com/dphjjcvmmc/public_html/vendor/laravel/framework/src/Illuminate/View/Compilers/Compiler.php:36)
[stacktrace]
#0 /home/909502.cloudwaysapps.com/dphjjcvmmc/public_html/vendor/laravel/framework/src/Illuminate/View/ViewServiceProvider.php(91): Illuminate\\View\\Compilers\\Compiler->__construct()
#1 /home/909502.cloudwaysapps.com/dphjjcvmmc/public_html/vendor/laravel/framework/src/Illuminate/Container/Container.php(805): Illuminate\\View\\ViewServiceProvider->Illuminate\\View\\{closure}()
#2 /home/909502.cloudwaysapps.com/dphjjcvmmc/public_html/vendor/laravel/framework/src/Illuminate/Container/Container.php(691): Illuminate\\Container\\Container->build()
#3 /home/909502.cloudwaysapps.com/dphjjcvmmc/public_html/vendor/laravel/framework/src/Illuminate/Foundation/Application.php(796): Illuminate\\Container\\Container->resolve()
#4 /home/909502.cloudwaysapps.com/dphjjcvmmc/public_html/vendor/laravel/framework/src/Illuminate/Container/Container.php(637): Illuminate\\Foundation\\Application->resolve()
#5 /home/909502.cloudwaysapps.com/dphjjcvmmc/public_html/vendor/laravel/framework/src/Illuminate/Foundation/Application.php(781): Illuminate\\Container\\Container->make()
#6 /home/909502.cloudwaysapps.com/dphjjcvmmc/public_html/vendor/laravel/framework/src/Illuminate/Container/Container.php(1283): Illuminate\\Foundation\\Application->make()
#7 /home/909502.cloudwaysapps.com/dphjjcvmmc/public_html/vendor/laravel/framework/src/Illuminate/View/ViewServiceProvider.php(151): Illuminate\\Container\\Container->offsetGet()
#8 [internal function]: Illuminate\\View\\ViewServiceProvider->Illuminate\\View\\{closure}()
#9 /home/909502.cloudwaysapps.com/dphjjcvmmc/public_html/vendor/laravel/framework/src/Illuminate/View/Engines/EngineResolver.php(55): call_user_func()
#10 /home/909502.cloudwaysapps.com/dphjjcvmmc/public_html/vendor/facade/ignition/src/IgnitionServiceProvider.php(467): Illuminate\\View\\Engines\\EngineResolver->resolve()
#11 /home/909502.cloudwaysapps.com/dphjjcvmmc/public_html/vendor/facade/ignition/src/IgnitionServiceProvider.php(158): Facade\\Ignition\\IgnitionServiceProvider->hasCustomViewEnginesRegistered()
#12 /home/909502.cloudwaysapps.com/dphjjcvmmc/public_html/vendor/facade/ignition/src/IgnitionServiceProvider.php(101): Facade\\Ignition\\IgnitionServiceProvider->registerViewEngines()
#13 /home/909502.cloudwaysapps.com/dphjjcvmmc/public_html/vendor/laravel/framework/src/Illuminate/Container/BoundMethod.php(36): Facade\\Ignition\\IgnitionServiceProvider->boot()
#14 /home/909502.cloudwaysapps.com/dphjjcvmmc/public_html/vendor/laravel/framework/src/Illuminate/Container/Util.php(37): Illuminate\\Container\\BoundMethod::Illuminate\\Container\\{closure}()
#15 /home/909502.cloudwaysapps.com/dphjjcvmmc/public_html/vendor/laravel/framework/src/Illuminate/Container/BoundMethod.php(93): Illuminate\\Container\\Util::unwrapIfClosure()
#16 /home/909502.cloudwaysapps.com/dphjjcvmmc/public_html/vendor/laravel/framework/src/Illuminate/Container/BoundMethod.php(37): Illuminate\\Container\\BoundMethod::callBoundMethod()
#17 /home/909502.cloudwaysapps.com/dphjjcvmmc/public_html/vendor/laravel/framework/src/Illuminate/Container/Container.php(596): Illuminate\\Container\\BoundMethod::call()
#18 /home/909502.cloudwaysapps.com/dphjjcvmmc/public_html/vendor/laravel/framework/src/Illuminate/Foundation/Application.php(867): Illuminate\\Container\\Container->call()
#19 /home/909502.cloudwaysapps.com/dphjjcvmmc/public_html/vendor/laravel/framework/src/Illuminate/Foundation/Application.php(850): Illuminate\\Foundation\\Application->bootProvider()
#20 [internal function]: Illuminate\\Foundation\\Application->Illuminate\\Foundation\\{closure}()
#21 /home/909502.cloudwaysapps.com/dphjjcvmmc/public_html/vendor/laravel/framework/src/Illuminate/Foundation/Application.php(851): array_walk()
#22 /home/909502.cloudwaysapps.com/dphjjcvmmc/public_html/vendor/laravel/framework/src/Illuminate/Foundation/Bootstrap/BootProviders.php(17): Illuminate\\Foundation\\Application->boot()
#23 /home/909502.cloudwaysapps.com/dphjjcvmmc/public_html/vendor/laravel/framework/src/Illuminate/Foundation/Application.php(230): Illuminate\\Foundation\\Bootstrap\\BootProviders->bootstrap()
#24 /home/909502.cloudwaysapps.com/dphjjcvmmc/public_html/vendor/laravel/framework/src/Illuminate/Foundation/Http/Kernel.php(151): Illuminate\\Foundation\\Application->bootstrapWith()
#25 /home/909502.cloudwaysapps.com/dphjjcvmmc/public_html/vendor/laravel/framework/src/Illuminate/Foundation/Http/Kernel.php(135): Illuminate\\Foundation\\Http\\Kernel->bootstrap()
#26 /home/909502.cloudwaysapps.com/dphjjcvmmc/public_html/vendor/laravel/framework/src/Illuminate/Foundation/Http/Kernel.php(109): Illuminate\\Foundation\\Http\\Kernel->sendRequestThroughRouter()
#27 /home/909502.cloudwaysapps.com/dphjjcvmmc/public_html/public/index.php(55): Illuminate\\Foundation\\Http\\Kernel->handle()
#28 {main}
"} 
[2023-01-04 16:01:18] live.ERROR: Please provide a valid cache path. {"exception":"[object] (InvalidArgumentException(code: 0): Please provide a valid cache path. at /home/909502.cloudwaysapps.com/dphjjcvmmc/public_html/vendor/laravel/framework/src/Illuminate/View/Compilers/Compiler.php:36)
[stacktrace]
#0 /home/909502.cloudwaysapps.com/dphjjcvmmc/public_html/vendor/laravel/framework/src/Illuminate/View/ViewServiceProvider.php(91): Illuminate\\View\\Compilers\\Compiler->__construct()
#1 /home/909502.cloudwaysapps.com/dphjjcvmmc/public_html/vendor/laravel/framework/src/Illuminate/Container/Container.php(805): Illuminate\\View\\ViewServiceProvider->Illuminate\\View\\{closure}()
#2 /home/909502.cloudwaysapps.com/dphjjcvmmc/public_html/vendor/laravel/framework/src/Illuminate/Container/Container.php(691): Illuminate\\Container\\Container->build()
#3 /home/909502.cloudwaysapps.com/dphjjcvmmc/public_html/vendor/laravel/framework/src/Illuminate/Foundation/Application.php(796): Illuminate\\Container\\Container->resolve()
#4 /home/909502.cloudwaysapps.com/dphjjcvmmc/public_html/vendor/laravel/framework/src/Illuminate/Container/Container.php(637): Illuminate\\Foundation\\Application->resolve()
#5 /home/909502.cloudwaysapps.com/dphjjcvmmc/public_html/vendor/laravel/framework/src/Illuminate/Foundation/Application.php(781): Illuminate\\Container\\Container->make()
#6 /home/909502.cloudwaysapps.com/dphjjcvmmc/public_html/vendor/laravel/framework/src/Illuminate/Container/Container.php(1283): Illuminate\\Foundation\\Application->make()
#7 /home/909502.cloudwaysapps.com/dphjjcvmmc/public_html/vendor/laravel/framework/src/Illuminate/View/ViewServiceProvider.php(151): Illuminate\\Container\\Container->offsetGet()
#8 [internal function]: Illuminate\\View\\ViewServiceProvider->Illuminate\\View\\{closure}()
#9 /home/909502.cloudwaysapps.com/dphjjcvmmc/public_html/vendor/laravel/framework/src/Illuminate/View/Engines/EngineResolver.php(55): call_user_func()
#10 /home/909502.cloudwaysapps.com/dphjjcvmmc/public_html/vendor/laravel/framework/src/Illuminate/View/Factory.php(296): Illuminate\\View\\Engines\\EngineResolver->resolve()
#11 /home/909502.cloudwaysapps.com/dphjjcvmmc/public_html/vendor/laravel/framework/src/Illuminate/View/Factory.php(260): Illuminate\\View\\Factory->getEngineFromPath()
#12 /home/909502.cloudwaysapps.com/dphjjcvmmc/public_html/vendor/laravel/framework/src/Illuminate/View/Factory.php(146): Illuminate\\View\\Factory->viewInstance()
#13 /home/909502.cloudwaysapps.com/dphjjcvmmc/public_html/vendor/laravel/framework/src/Illuminate/Routing/ResponseFactory.php(85): Illuminate\\View\\Factory->make()
#14 /home/909502.cloudwaysapps.com/dphjjcvmmc/public_html/vendor/laravel/framework/src/Illuminate/Foundation/Exceptions/Handler.php(409): Illuminate\\Routing\\ResponseFactory->view()
#15 /home/909502.cloudwaysapps.com/dphjjcvmmc/public_html/vendor/laravel/framework/src/Illuminate/Foundation/Exceptions/Handler.php(314): Illuminate\\Foundation\\Exceptions\\Handler->renderHttpException()
#16 /home/909502.cloudwaysapps.com/dphjjcvmmc/public_html/vendor/laravel/framework/src/Illuminate/Foundation/Exceptions/Handler.php(211): Illuminate\\Foundation\\Exceptions\\Handler->prepareResponse()
#17 /home/909502.cloudwaysapps.com/dphjjcvmmc/public_html/app/Exceptions/Handler.php(53): Illuminate\\Foundation\\Exceptions\\Handler->render()
#18 /home/909502.cloudwaysapps.com/dphjjcvmmc/public_html/vendor/laravel/framework/src/Illuminate/Foundation/Http/Kernel.php(415): App\\Exceptions\\Handler->render()
#19 /home/909502.cloudwaysapps.com/dphjjcvmmc/public_html/vendor/laravel/framework/src/Illuminate/Foundation/Http/Kernel.php(113): Illuminate\\Foundation\\Http\\Kernel->renderException()
#20 /home/909502.cloudwaysapps.com/dphjjcvmmc/public_html/public/index.php(55): Illuminate\\Foundation\\Http\\Kernel->handle()
#21 {main}
"} 
[2023-01-04 16:01:18] live.ERROR: Uncaught InvalidArgumentException: Please provide a valid cache path. in /home/909502.cloudwaysapps.com/dphjjcvmmc/public_html/vendor/laravel/framework/src/Illuminate/View/Compilers/Compiler.php:36
Stack trace:
#0 /home/909502.cloudwaysapps.com/dphjjcvmmc/public_html/vendor/laravel/framework/src/Illuminate/View/ViewServiceProvider.php(91): Illuminate\View\Compilers\Compiler->__construct()
#1 /home/909502.cloudwaysapps.com/dphjjcvmmc/public_html/vendor/laravel/framework/src/Illuminate/Container/Container.php(805): Illuminate\View\ViewServiceProvider->Illuminate\View\{closure}()
#2 /home/909502.cloudwaysapps.com/dphjjcvmmc/public_html/vendor/laravel/framework/src/Illuminate/Container/Container.php(691): Illuminate\Container\Container->build()
#3 /home/909502.cloudwaysapps.com/dphjjcvmmc/public_html/vendor/laravel/framework/src/Illuminate/Foundation/Application.php(796): Illuminate\Container\Container->resolve()
#4 /home/909502.cloudwaysapps.com/dphjjcvmmc/public_html/vendor/laravel/framework/src/Illuminate/Container/Container.php(637): Illuminate\Foundation\Application->resolve()
#5 /home/909502.cloudwaysapps.com/dphjjcvmmc/public_html/vendor/laravel/framework/src/Illuminate/Foundation/Application.php(781): Illuminate\Container\Container->make()
#6 /home/909502.cloudwaysapps.com/dphjjcvmmc/public_html/vendor/laravel/framework/src/Illuminate/Container/Container.php(1283): Illuminate\Foundation\Application->make()
#7 /home/909502.cloudwaysapps.com/dphjjcvmmc/public_html/vendor/laravel/framework/src/Illuminate/View/ViewServiceProvider.php(151): Illuminate\Container\Container->offsetGet()
#8 [internal function]: Illuminate\View\ViewServiceProvider->Illuminate\View\{closure}()
#9 /home/909502.cloudwaysapps.com/dphjjcvmmc/public_html/vendor/laravel/framework/src/Illuminate/View/Engines/EngineResolver.php(55): call_user_func()
#10 /home/909502.cloudwaysapps.com/dphjjcvmmc/public_html/vendor/laravel/framework/src/Illuminate/View/Factory.php(296): Illuminate\View\Engines\EngineResolver->resolve()
#11 /home/909502.cloudwaysapps.com/dphjjcvmmc/public_html/vendor/laravel/framework/src/Illuminate/View/Factory.php(260): Illuminate\View\Factory->getEngineFromPath()
#12 /home/909502.cloudwaysapps.com/dphjjcvmmc/public_html/vendor/laravel/framework/src/Illuminate/View/Factory.php(146): Illuminate\View\Factory->viewInstance()
#13 /home/909502.cloudwaysapps.com/dphjjcvmmc/public_html/vendor/laravel/framework/src/Illuminate/Routing/ResponseFactory.php(85): Illuminate\View\Factory->make()
#14 /home/909502.cloudwaysapps.com/dphjjcvmmc/public_html/vendor/laravel/framework/src/Illuminate/Foundation/Exceptions/Handler.php(409): Illuminate\Routing\ResponseFactory->view()
#15 /home/909502.cloudwaysapps.com/dphjjcvmmc/public_html/vendor/laravel/framework/src/Illuminate/Foundation/Exceptions/Handler.php(314): Illuminate\Foundation\Exceptions\Handler->renderHttpException()
#16 /home/909502.cloudwaysapps.com/dphjjcvmmc/public_html/vendor/laravel/framework/src/Illuminate/Foundation/Exceptions/Handler.php(211): Illuminate\Foundation\Exceptions\Handler->prepareResponse()
#17 /home/909502.cloudwaysapps.com/dphjjcvmmc/public_html/app/Exceptions/Handler.php(53): Illuminate\Foundation\Exceptions\Handler->render()
#18 /home/909502.cloudwaysapps.com/dphjjcvmmc/public_html/vendor/laravel/framework/src/Illuminate/Foundation/Bootstrap/HandleExceptions.php(119): App\Exceptions\Handler->render()
#19 /home/909502.cloudwaysapps.com/dphjjcvmmc/public_html/vendor/laravel/framework/src/Illuminate/Foundation/Bootstrap/HandleExceptions.php(96): Illuminate\Foundation\Bootstrap\HandleExceptions->renderHttpResponse()
#20 [internal function]: Illuminate\Foundation\Bootstrap\HandleExceptions->handleException()
#21 {main}
  thrown {"exception":"[object] (Symfony\\Component\\ErrorHandler\\Error\\FatalError(code: 0): Uncaught InvalidArgumentException: Please provide a valid cache path. in /home/909502.cloudwaysapps.com/dphjjcvmmc/public_html/vendor/laravel/framework/src/Illuminate/View/Compilers/Compiler.php:36
Stack trace:
#0 /home/909502.cloudwaysapps.com/dphjjcvmmc/public_html/vendor/laravel/framework/src/Illuminate/View/ViewServiceProvider.php(91): Illuminate\\View\\Compilers\\Compiler->__construct()
#1 /home/909502.cloudwaysapps.com/dphjjcvmmc/public_html/vendor/laravel/framework/src/Illuminate/Container/Container.php(805): Illuminate\\View\\ViewServiceProvider->Illuminate\\View\\{closure}()
#2 /home/909502.cloudwaysapps.com/dphjjcvmmc/public_html/vendor/laravel/framework/src/Illuminate/Container/Container.php(691): Illuminate\\Container\\Container->build()
#3 /home/909502.cloudwaysapps.com/dphjjcvmmc/public_html/vendor/laravel/framework/src/Illuminate/Foundation/Application.php(796): Illuminate\\Container\\Container->resolve()
#4 /home/909502.cloudwaysapps.com/dphjjcvmmc/public_html/vendor/laravel/framework/src/Illuminate/Container/Container.php(637): Illuminate\\Foundation\\Application->resolve()
#5 /home/909502.cloudwaysapps.com/dphjjcvmmc/public_html/vendor/laravel/framework/src/Illuminate/Foundation/Application.php(781): Illuminate\\Container\\Container->make()
#6 /home/909502.cloudwaysapps.com/dphjjcvmmc/public_html/vendor/laravel/framework/src/Illuminate/Container/Container.php(1283): Illuminate\\Foundation\\Application->make()
#7 /home/909502.cloudwaysapps.com/dphjjcvmmc/public_html/vendor/laravel/framework/src/Illuminate/View/ViewServiceProvider.php(151): Illuminate\\Container\\Container->offsetGet()
#8 [internal function]: Illuminate\\View\\ViewServiceProvider->Illuminate\\View\\{closure}()
#9 /home/909502.cloudwaysapps.com/dphjjcvmmc/public_html/vendor/laravel/framework/src/Illuminate/View/Engines/EngineResolver.php(55): call_user_func()
#10 /home/909502.cloudwaysapps.com/dphjjcvmmc/public_html/vendor/laravel/framework/src/Illuminate/View/Factory.php(296): Illuminate\\View\\Engines\\EngineResolver->resolve()
#11 /home/909502.cloudwaysapps.com/dphjjcvmmc/public_html/vendor/laravel/framework/src/Illuminate/View/Factory.php(260): Illuminate\\View\\Factory->getEngineFromPath()
#12 /home/909502.cloudwaysapps.com/dphjjcvmmc/public_html/vendor/laravel/framework/src/Illuminate/View/Factory.php(146): Illuminate\\View\\Factory->viewInstance()
#13 /home/909502.cloudwaysapps.com/dphjjcvmmc/public_html/vendor/laravel/framework/src/Illuminate/Routing/ResponseFactory.php(85): Illuminate\\View\\Factory->make()
#14 /home/909502.cloudwaysapps.com/dphjjcvmmc/public_html/vendor/laravel/framework/src/Illuminate/Foundation/Exceptions/Handler.php(409): Illuminate\\Routing\\ResponseFactory->view()
#15 /home/909502.cloudwaysapps.com/dphjjcvmmc/public_html/vendor/laravel/framework/src/Illuminate/Foundation/Exceptions/Handler.php(314): Illuminate\\Foundation\\Exceptions\\Handler->renderHttpException()
#16 /home/909502.cloudwaysapps.com/dphjjcvmmc/public_html/vendor/laravel/framework/src/Illuminate/Foundation/Exceptions/Handler.php(211): Illuminate\\Foundation\\Exceptions\\Handler->prepareResponse()
#17 /home/909502.cloudwaysapps.com/dphjjcvmmc/public_html/app/Exceptions/Handler.php(53): Illuminate\\Foundation\\Exceptions\\Handler->render()
#18 /home/909502.cloudwaysapps.com/dphjjcvmmc/public_html/vendor/laravel/framework/src/Illuminate/Foundation/Bootstrap/HandleExceptions.php(119): App\\Exceptions\\Handler->render()
#19 /home/909502.cloudwaysapps.com/dphjjcvmmc/public_html/vendor/laravel/framework/src/Illuminate/Foundation/Bootstrap/HandleExceptions.php(96): Illuminate\\Foundation\\Bootstrap\\HandleExceptions->renderHttpResponse()
#20 [internal function]: Illuminate\\Foundation\\Bootstrap\\HandleExceptions->handleException()
#21 {main}
  thrown at /home/909502.cloudwaysapps.com/dphjjcvmmc/public_html/vendor/laravel/framework/src/Illuminate/View/Compilers/Compiler.php:36)
[stacktrace]
#0 {main}
"} 
[2023-01-04 16:01:36] live.ERROR: Please provide a valid cache path. {"exception":"[object] (InvalidArgumentException(code: 0): Please provide a valid cache path. at /home/909502.cloudwaysapps.com/dphjjcvmmc/public_html/vendor/laravel/framework/src/Illuminate/View/Compilers/Compiler.php:36)
[stacktrace]
#0 /home/909502.cloudwaysapps.com/dphjjcvmmc/public_html/vendor/laravel/framework/src/Illuminate/View/ViewServiceProvider.php(91): Illuminate\\View\\Compilers\\Compiler->__construct()
#1 /home/909502.cloudwaysapps.com/dphjjcvmmc/public_html/vendor/laravel/framework/src/Illuminate/Container/Container.php(805): Illuminate\\View\\ViewServiceProvider->Illuminate\\View\\{closure}()
#2 /home/909502.cloudwaysapps.com/dphjjcvmmc/public_html/vendor/laravel/framework/src/Illuminate/Container/Container.php(691): Illuminate\\Container\\Container->build()
#3 /home/909502.cloudwaysapps.com/dphjjcvmmc/public_html/vendor/laravel/framework/src/Illuminate/Foundation/Application.php(796): Illuminate\\Container\\Container->resolve()
#4 /home/909502.cloudwaysapps.com/dphjjcvmmc/public_html/vendor/laravel/framework/src/Illuminate/Container/Container.php(637): Illuminate\\Foundation\\Application->resolve()
#5 /home/909502.cloudwaysapps.com/dphjjcvmmc/public_html/vendor/laravel/framework/src/Illuminate/Foundation/Application.php(781): Illuminate\\Container\\Container->make()
#6 /home/909502.cloudwaysapps.com/dphjjcvmmc/public_html/vendor/laravel/framework/src/Illuminate/Container/Container.php(1283): Illuminate\\Foundation\\Application->make()
#7 /home/909502.cloudwaysapps.com/dphjjcvmmc/public_html/vendor/laravel/framework/src/Illuminate/View/ViewServiceProvider.php(151): Illuminate\\Container\\Container->offsetGet()
#8 [internal function]: Illuminate\\View\\ViewServiceProvider->Illuminate\\View\\{closure}()
#9 /home/909502.cloudwaysapps.com/dphjjcvmmc/public_html/vendor/laravel/framework/src/Illuminate/View/Engines/EngineResolver.php(55): call_user_func()
#10 /home/909502.cloudwaysapps.com/dphjjcvmmc/public_html/vendor/facade/ignition/src/IgnitionServiceProvider.php(467): Illuminate\\View\\Engines\\EngineResolver->resolve()
#11 /home/909502.cloudwaysapps.com/dphjjcvmmc/public_html/vendor/facade/ignition/src/IgnitionServiceProvider.php(158): Facade\\Ignition\\IgnitionServiceProvider->hasCustomViewEnginesRegistered()
#12 /home/909502.cloudwaysapps.com/dphjjcvmmc/public_html/vendor/facade/ignition/src/IgnitionServiceProvider.php(101): Facade\\Ignition\\IgnitionServiceProvider->registerViewEngines()
#13 /home/909502.cloudwaysapps.com/dphjjcvmmc/public_html/vendor/laravel/framework/src/Illuminate/Container/BoundMethod.php(36): Facade\\Ignition\\IgnitionServiceProvider->boot()
#14 /home/909502.cloudwaysapps.com/dphjjcvmmc/public_html/vendor/laravel/framework/src/Illuminate/Container/Util.php(37): Illuminate\\Container\\BoundMethod::Illuminate\\Container\\{closure}()
#15 /home/909502.cloudwaysapps.com/dphjjcvmmc/public_html/vendor/laravel/framework/src/Illuminate/Container/BoundMethod.php(93): Illuminate\\Container\\Util::unwrapIfClosure()
#16 /home/909502.cloudwaysapps.com/dphjjcvmmc/public_html/vendor/laravel/framework/src/Illuminate/Container/BoundMethod.php(37): Illuminate\\Container\\BoundMethod::callBoundMethod()
#17 /home/909502.cloudwaysapps.com/dphjjcvmmc/public_html/vendor/laravel/framework/src/Illuminate/Container/Container.php(596): Illuminate\\Container\\BoundMethod::call()
#18 /home/909502.cloudwaysapps.com/dphjjcvmmc/public_html/vendor/laravel/framework/src/Illuminate/Foundation/Application.php(867): Illuminate\\Container\\Container->call()
#19 /home/909502.cloudwaysapps.com/dphjjcvmmc/public_html/vendor/laravel/framework/src/Illuminate/Foundation/Application.php(850): Illuminate\\Foundation\\Application->bootProvider()
#20 [internal function]: Illuminate\\Foundation\\Application->Illuminate\\Foundation\\{closure}()
#21 /home/909502.cloudwaysapps.com/dphjjcvmmc/public_html/vendor/laravel/framework/src/Illuminate/Foundation/Application.php(851): array_walk()
#22 /home/909502.cloudwaysapps.com/dphjjcvmmc/public_html/vendor/laravel/framework/src/Illuminate/Foundation/Bootstrap/BootProviders.php(17): Illuminate\\Foundation\\Application->boot()
#23 /home/909502.cloudwaysapps.com/dphjjcvmmc/public_html/vendor/laravel/framework/src/Illuminate/Foundation/Application.php(230): Illuminate\\Foundation\\Bootstrap\\BootProviders->bootstrap()
#24 /home/909502.cloudwaysapps.com/dphjjcvmmc/public_html/vendor/laravel/framework/src/Illuminate/Foundation/Console/Kernel.php(310): Illuminate\\Foundation\\Application->bootstrapWith()
#25 /home/909502.cloudwaysapps.com/dphjjcvmmc/public_html/vendor/laravel/framework/src/Illuminate/Foundation/Console/Kernel.php(127): Illuminate\\Foundation\\Console\\Kernel->bootstrap()
#26 /home/909502.cloudwaysapps.com/dphjjcvmmc/public_html/artisan(37): Illuminate\\Foundation\\Console\\Kernel->handle()
#27 {main}
"} 
[2023-01-04 16:01:52] live.ERROR: Please provide a valid cache path. {"exception":"[object] (InvalidArgumentException(code: 0): Please provide a valid cache path. at /home/909502.cloudwaysapps.com/dphjjcvmmc/public_html/vendor/laravel/framework/src/Illuminate/View/Compilers/Compiler.php:36)
[stacktrace]
#0 /home/909502.cloudwaysapps.com/dphjjcvmmc/public_html/vendor/laravel/framework/src/Illuminate/View/ViewServiceProvider.php(91): Illuminate\\View\\Compilers\\Compiler->__construct()
#1 /home/909502.cloudwaysapps.com/dphjjcvmmc/public_html/vendor/laravel/framework/src/Illuminate/Container/Container.php(805): Illuminate\\View\\ViewServiceProvider->Illuminate\\View\\{closure}()
#2 /home/909502.cloudwaysapps.com/dphjjcvmmc/public_html/vendor/laravel/framework/src/Illuminate/Container/Container.php(691): Illuminate\\Container\\Container->build()
#3 /home/909502.cloudwaysapps.com/dphjjcvmmc/public_html/vendor/laravel/framework/src/Illuminate/Foundation/Application.php(796): Illuminate\\Container\\Container->resolve()
#4 /home/909502.cloudwaysapps.com/dphjjcvmmc/public_html/vendor/laravel/framework/src/Illuminate/Container/Container.php(637): Illuminate\\Foundation\\Application->resolve()
#5 /home/909502.cloudwaysapps.com/dphjjcvmmc/public_html/vendor/laravel/framework/src/Illuminate/Foundation/Application.php(781): Illuminate\\Container\\Container->make()
#6 /home/909502.cloudwaysapps.com/dphjjcvmmc/public_html/vendor/laravel/framework/src/Illuminate/Container/Container.php(1283): Illuminate\\Foundation\\Application->make()
#7 /home/909502.cloudwaysapps.com/dphjjcvmmc/public_html/vendor/laravel/framework/src/Illuminate/View/ViewServiceProvider.php(151): Illuminate\\Container\\Container->offsetGet()
#8 [internal function]: Illuminate\\View\\ViewServiceProvider->Illuminate\\View\\{closure}()
#9 /home/909502.cloudwaysapps.com/dphjjcvmmc/public_html/vendor/laravel/framework/src/Illuminate/View/Engines/EngineResolver.php(55): call_user_func()
#10 /home/909502.cloudwaysapps.com/dphjjcvmmc/public_html/vendor/facade/ignition/src/IgnitionServiceProvider.php(467): Illuminate\\View\\Engines\\EngineResolver->resolve()
#11 /home/909502.cloudwaysapps.com/dphjjcvmmc/public_html/vendor/facade/ignition/src/IgnitionServiceProvider.php(158): Facade\\Ignition\\IgnitionServiceProvider->hasCustomViewEnginesRegistered()
#12 /home/909502.cloudwaysapps.com/dphjjcvmmc/public_html/vendor/facade/ignition/src/IgnitionServiceProvider.php(101): Facade\\Ignition\\IgnitionServiceProvider->registerViewEngines()
#13 /home/909502.cloudwaysapps.com/dphjjcvmmc/public_html/vendor/laravel/framework/src/Illuminate/Container/BoundMethod.php(36): Facade\\Ignition\\IgnitionServiceProvider->boot()
#14 /home/909502.cloudwaysapps.com/dphjjcvmmc/public_html/vendor/laravel/framework/src/Illuminate/Container/Util.php(37): Illuminate\\Container\\BoundMethod::Illuminate\\Container\\{closure}()
#15 /home/909502.cloudwaysapps.com/dphjjcvmmc/public_html/vendor/laravel/framework/src/Illuminate/Container/BoundMethod.php(93): Illuminate\\Container\\Util::unwrapIfClosure()
#16 /home/909502.cloudwaysapps.com/dphjjcvmmc/public_html/vendor/laravel/framework/src/Illuminate/Container/BoundMethod.php(37): Illuminate\\Container\\BoundMethod::callBoundMethod()
#17 /home/909502.cloudwaysapps.com/dphjjcvmmc/public_html/vendor/laravel/framework/src/Illuminate/Container/Container.php(596): Illuminate\\Container\\BoundMethod::call()
#18 /home/909502.cloudwaysapps.com/dphjjcvmmc/public_html/vendor/laravel/framework/src/Illuminate/Foundation/Application.php(867): Illuminate\\Container\\Container->call()
#19 /home/909502.cloudwaysapps.com/dphjjcvmmc/public_html/vendor/laravel/framework/src/Illuminate/Foundation/Application.php(850): Illuminate\\Foundation\\Application->bootProvider()
#20 [internal function]: Illuminate\\Foundation\\Application->Illuminate\\Foundation\\{closure}()
#21 /home/909502.cloudwaysapps.com/dphjjcvmmc/public_html/vendor/laravel/framework/src/Illuminate/Foundation/Application.php(851): array_walk()
#22 /home/909502.cloudwaysapps.com/dphjjcvmmc/public_html/vendor/laravel/framework/src/Illuminate/Foundation/Bootstrap/BootProviders.php(17): Illuminate\\Foundation\\Application->boot()
#23 /home/909502.cloudwaysapps.com/dphjjcvmmc/public_html/vendor/laravel/framework/src/Illuminate/Foundation/Application.php(230): Illuminate\\Foundation\\Bootstrap\\BootProviders->bootstrap()
#24 /home/909502.cloudwaysapps.com/dphjjcvmmc/public_html/vendor/laravel/framework/src/Illuminate/Foundation/Console/Kernel.php(310): Illuminate\\Foundation\\Application->bootstrapWith()
#25 /home/909502.cloudwaysapps.com/dphjjcvmmc/public_html/vendor/laravel/framework/src/Illuminate/Foundation/Console/Kernel.php(127): Illuminate\\Foundation\\Console\\Kernel->bootstrap()
#26 /home/909502.cloudwaysapps.com/dphjjcvmmc/public_html/artisan(37): Illuminate\\Foundation\\Console\\Kernel->handle()
#27 {main}
"} 
[2023-01-04 05:04:20] live.ERROR: copy(/home/909502.cloudwaysapps.com/dphjjcvmmc/public_html/app/Providers/RouteServiceProvider.php): Failed to open stream: Permission denied {"exception":"[object] (ErrorException(code: 0): copy(/home/909502.cloudwaysapps.com/dphjjcvmmc/public_html/app/Providers/RouteServiceProvider.php): Failed to open stream: Permission denied at /home/909502.cloudwaysapps.com/dphjjcvmmc/public_html/app/Http/Controllers/UpdateController.php:41)
[stacktrace]
#0 [internal function]: Illuminate\\Foundation\\Bootstrap\\HandleExceptions->handleError()
#1 /home/909502.cloudwaysapps.com/dphjjcvmmc/public_html/app/Http/Controllers/UpdateController.php(41): copy()
#2 /home/909502.cloudwaysapps.com/dphjjcvmmc/public_html/vendor/laravel/framework/src/Illuminate/Routing/Controller.php(54): App\\Http\\Controllers\\UpdateController->update_software()
#3 /home/909502.cloudwaysapps.com/dphjjcvmmc/public_html/vendor/laravel/framework/src/Illuminate/Routing/ControllerDispatcher.php(45): Illuminate\\Routing\\Controller->callAction()
#4 /home/909502.cloudwaysapps.com/dphjjcvmmc/public_html/vendor/laravel/framework/src/Illuminate/Routing/Route.php(239): Illuminate\\Routing\\ControllerDispatcher->dispatch()
#5 /home/909502.cloudwaysapps.com/dphjjcvmmc/public_html/vendor/laravel/framework/src/Illuminate/Routing/Route.php(196): Illuminate\\Routing\\Route->runController()
#6 /home/909502.cloudwaysapps.com/dphjjcvmmc/public_html/vendor/laravel/framework/src/Illuminate/Routing/Router.php(685): Illuminate\\Routing\\Route->run()
#7 /home/909502.cloudwaysapps.com/dphjjcvmmc/public_html/vendor/laravel/framework/src/Illuminate/Pipeline/Pipeline.php(128): Illuminate\\Routing\\Router->Illuminate\\Routing\\{closure}()
#8 /home/909502.cloudwaysapps.com/dphjjcvmmc/public_html/vendor/laravel/framework/src/Illuminate/Routing/Middleware/SubstituteBindings.php(41): Illuminate\\Pipeline\\Pipeline->Illuminate\\Pipeline\\{closure}()
#9 /home/909502.cloudwaysapps.com/dphjjcvmmc/public_html/vendor/laravel/framework/src/Illuminate/Pipeline/Pipeline.php(167): Illuminate\\Routing\\Middleware\\SubstituteBindings->handle()
#10 /home/909502.cloudwaysapps.com/dphjjcvmmc/public_html/vendor/laravel/framework/src/Illuminate/Foundation/Http/Middleware/VerifyCsrfToken.php(78): Illuminate\\Pipeline\\Pipeline->Illuminate\\Pipeline\\{closure}()
#11 /home/909502.cloudwaysapps.com/dphjjcvmmc/public_html/vendor/laravel/framework/src/Illuminate/Pipeline/Pipeline.php(167): Illuminate\\Foundation\\Http\\Middleware\\VerifyCsrfToken->handle()
#12 /home/909502.cloudwaysapps.com/dphjjcvmmc/public_html/vendor/laravel/framework/src/Illuminate/View/Middleware/ShareErrorsFromSession.php(49): Illuminate\\Pipeline\\Pipeline->Illuminate\\Pipeline\\{closure}()
#13 /home/909502.cloudwaysapps.com/dphjjcvmmc/public_html/vendor/laravel/framework/src/Illuminate/Pipeline/Pipeline.php(167): Illuminate\\View\\Middleware\\ShareErrorsFromSession->handle()
#14 /home/909502.cloudwaysapps.com/dphjjcvmmc/public_html/vendor/laravel/framework/src/Illuminate/Session/Middleware/StartSession.php(116): Illuminate\\Pipeline\\Pipeline->Illuminate\\Pipeline\\{closure}()
#15 /home/909502.cloudwaysapps.com/dphjjcvmmc/public_html/vendor/laravel/framework/src/Illuminate/Session/Middleware/StartSession.php(62): Illuminate\\Session\\Middleware\\StartSession->handleStatefulRequest()
#16 /home/909502.cloudwaysapps.com/dphjjcvmmc/public_html/vendor/laravel/framework/src/Illuminate/Pipeline/Pipeline.php(167): Illuminate\\Session\\Middleware\\StartSession->handle()
#17 /home/909502.cloudwaysapps.com/dphjjcvmmc/public_html/vendor/laravel/framework/src/Illuminate/Cookie/Middleware/AddQueuedCookiesToResponse.php(37): Illuminate\\Pipeline\\Pipeline->Illuminate\\Pipeline\\{closure}()
#18 /home/909502.cloudwaysapps.com/dphjjcvmmc/public_html/vendor/laravel/framework/src/Illuminate/Pipeline/Pipeline.php(167): Illuminate\\Cookie\\Middleware\\AddQueuedCookiesToResponse->handle()
#19 /home/909502.cloudwaysapps.com/dphjjcvmmc/public_html/vendor/laravel/framework/src/Illuminate/Cookie/Middleware/EncryptCookies.php(67): Illuminate\\Pipeline\\Pipeline->Illuminate\\Pipeline\\{closure}()
#20 /home/909502.cloudwaysapps.com/dphjjcvmmc/public_html/vendor/laravel/framework/src/Illuminate/Pipeline/Pipeline.php(167): Illuminate\\Cookie\\Middleware\\EncryptCookies->handle()
#21 /home/909502.cloudwaysapps.com/dphjjcvmmc/public_html/vendor/laravel/framework/src/Illuminate/Pipeline/Pipeline.php(103): Illuminate\\Pipeline\\Pipeline->Illuminate\\Pipeline\\{closure}()
#22 /home/909502.cloudwaysapps.com/dphjjcvmmc/public_html/vendor/laravel/framework/src/Illuminate/Routing/Router.php(687): Illuminate\\Pipeline\\Pipeline->then()
#23 /home/909502.cloudwaysapps.com/dphjjcvmmc/public_html/vendor/laravel/framework/src/Illuminate/Routing/Router.php(662): Illuminate\\Routing\\Router->runRouteWithinStack()
#24 /home/909502.cloudwaysapps.com/dphjjcvmmc/public_html/vendor/laravel/framework/src/Illuminate/Routing/Router.php(628): Illuminate\\Routing\\Router->runRoute()
#25 /home/909502.cloudwaysapps.com/dphjjcvmmc/public_html/vendor/laravel/framework/src/Illuminate/Routing/Router.php(617): Illuminate\\Routing\\Router->dispatchToRoute()
#26 /home/909502.cloudwaysapps.com/dphjjcvmmc/public_html/vendor/laravel/framework/src/Illuminate/Foundation/Http/Kernel.php(165): Illuminate\\Routing\\Router->dispatch()
#27 /home/909502.cloudwaysapps.com/dphjjcvmmc/public_html/vendor/laravel/framework/src/Illuminate/Pipeline/Pipeline.php(128): Illuminate\\Foundation\\Http\\Kernel->Illuminate\\Foundation\\Http\\{closure}()
#28 /home/909502.cloudwaysapps.com/dphjjcvmmc/public_html/vendor/barryvdh/laravel-debugbar/src/Middleware/InjectDebugbar.php(59): Illuminate\\Pipeline\\Pipeline->Illuminate\\Pipeline\\{closure}()
#29 /home/909502.cloudwaysapps.com/dphjjcvmmc/public_html/vendor/laravel/framework/src/Illuminate/Pipeline/Pipeline.php(167): Barryvdh\\Debugbar\\Middleware\\InjectDebugbar->handle()
#30 /home/909502.cloudwaysapps.com/dphjjcvmmc/public_html/vendor/laravel/framework/src/Illuminate/Foundation/Http/Middleware/TransformsRequest.php(21): Illuminate\\Pipeline\\Pipeline->Illuminate\\Pipeline\\{closure}()
#31 /home/909502.cloudwaysapps.com/dphjjcvmmc/public_html/vendor/laravel/framework/src/Illuminate/Pipeline/Pipeline.php(167): Illuminate\\Foundation\\Http\\Middleware\\TransformsRequest->handle()
#32 /home/909502.cloudwaysapps.com/dphjjcvmmc/public_html/vendor/laravel/framework/src/Illuminate/Foundation/Http/Middleware/TransformsRequest.php(21): Illuminate\\Pipeline\\Pipeline->Illuminate\\Pipeline\\{closure}()
#33 /home/909502.cloudwaysapps.com/dphjjcvmmc/public_html/vendor/laravel/framework/src/Illuminate/Pipeline/Pipeline.php(167): Illuminate\\Foundation\\Http\\Middleware\\TransformsRequest->handle()
#34 /home/909502.cloudwaysapps.com/dphjjcvmmc/public_html/vendor/laravel/framework/src/Illuminate/Foundation/Http/Middleware/ValidatePostSize.php(27): Illuminate\\Pipeline\\Pipeline->Illuminate\\Pipeline\\{closure}()
#35 /home/909502.cloudwaysapps.com/dphjjcvmmc/public_html/vendor/laravel/framework/src/Illuminate/Pipeline/Pipeline.php(167): Illuminate\\Foundation\\Http\\Middleware\\ValidatePostSize->handle()
#36 /home/909502.cloudwaysapps.com/dphjjcvmmc/public_html/vendor/laravel/framework/src/Illuminate/Foundation/Http/Middleware/CheckForMaintenanceMode.php(63): Illuminate\\Pipeline\\Pipeline->Illuminate\\Pipeline\\{closure}()
#37 /home/909502.cloudwaysapps.com/dphjjcvmmc/public_html/vendor/laravel/framework/src/Illuminate/Pipeline/Pipeline.php(167): Illuminate\\Foundation\\Http\\Middleware\\CheckForMaintenanceMode->handle()
#38 /home/909502.cloudwaysapps.com/dphjjcvmmc/public_html/vendor/fideloper/proxy/src/TrustProxies.php(57): Illuminate\\Pipeline\\Pipeline->Illuminate\\Pipeline\\{closure}()
#39 /home/909502.cloudwaysapps.com/dphjjcvmmc/public_html/vendor/laravel/framework/src/Illuminate/Pipeline/Pipeline.php(167): Fideloper\\Proxy\\TrustProxies->handle()
#40 /home/909502.cloudwaysapps.com/dphjjcvmmc/public_html/vendor/laravel/framework/src/Illuminate/Pipeline/Pipeline.php(103): Illuminate\\Pipeline\\Pipeline->Illuminate\\Pipeline\\{closure}()
#41 /home/909502.cloudwaysapps.com/dphjjcvmmc/public_html/vendor/laravel/framework/src/Illuminate/Foundation/Http/Kernel.php(140): Illuminate\\Pipeline\\Pipeline->then()
#42 /home/909502.cloudwaysapps.com/dphjjcvmmc/public_html/vendor/laravel/framework/src/Illuminate/Foundation/Http/Kernel.php(109): Illuminate\\Foundation\\Http\\Kernel->sendRequestThroughRouter()
#43 /home/909502.cloudwaysapps.com/dphjjcvmmc/public_html/public/index.php(55): Illuminate\\Foundation\\Http\\Kernel->handle()
#44 {main}
"} 
[2023-01-04 05:04:39] live.ERROR: copy(/home/909502.cloudwaysapps.com/dphjjcvmmc/public_html/app/Providers/RouteServiceProvider.php): Failed to open stream: Permission denied {"exception":"[object] (ErrorException(code: 0): copy(/home/909502.cloudwaysapps.com/dphjjcvmmc/public_html/app/Providers/RouteServiceProvider.php): Failed to open stream: Permission denied at /home/909502.cloudwaysapps.com/dphjjcvmmc/public_html/app/Http/Controllers/UpdateController.php:41)
[stacktrace]
#0 [internal function]: Illuminate\\Foundation\\Bootstrap\\HandleExceptions->handleError()
#1 /home/909502.cloudwaysapps.com/dphjjcvmmc/public_html/app/Http/Controllers/UpdateController.php(41): copy()
#2 /home/909502.cloudwaysapps.com/dphjjcvmmc/public_html/vendor/laravel/framework/src/Illuminate/Routing/Controller.php(54): App\\Http\\Controllers\\UpdateController->update_software()
#3 /home/909502.cloudwaysapps.com/dphjjcvmmc/public_html/vendor/laravel/framework/src/Illuminate/Routing/ControllerDispatcher.php(45): Illuminate\\Routing\\Controller->callAction()
#4 /home/909502.cloudwaysapps.com/dphjjcvmmc/public_html/vendor/laravel/framework/src/Illuminate/Routing/Route.php(239): Illuminate\\Routing\\ControllerDispatcher->dispatch()
#5 /home/909502.cloudwaysapps.com/dphjjcvmmc/public_html/vendor/laravel/framework/src/Illuminate/Routing/Route.php(196): Illuminate\\Routing\\Route->runController()
#6 /home/909502.cloudwaysapps.com/dphjjcvmmc/public_html/vendor/laravel/framework/src/Illuminate/Routing/Router.php(685): Illuminate\\Routing\\Route->run()
#7 /home/909502.cloudwaysapps.com/dphjjcvmmc/public_html/vendor/laravel/framework/src/Illuminate/Pipeline/Pipeline.php(128): Illuminate\\Routing\\Router->Illuminate\\Routing\\{closure}()
#8 /home/909502.cloudwaysapps.com/dphjjcvmmc/public_html/vendor/laravel/framework/src/Illuminate/Routing/Middleware/SubstituteBindings.php(41): Illuminate\\Pipeline\\Pipeline->Illuminate\\Pipeline\\{closure}()
#9 /home/909502.cloudwaysapps.com/dphjjcvmmc/public_html/vendor/laravel/framework/src/Illuminate/Pipeline/Pipeline.php(167): Illuminate\\Routing\\Middleware\\SubstituteBindings->handle()
#10 /home/909502.cloudwaysapps.com/dphjjcvmmc/public_html/vendor/laravel/framework/src/Illuminate/Foundation/Http/Middleware/VerifyCsrfToken.php(78): Illuminate\\Pipeline\\Pipeline->Illuminate\\Pipeline\\{closure}()
#11 /home/909502.cloudwaysapps.com/dphjjcvmmc/public_html/vendor/laravel/framework/src/Illuminate/Pipeline/Pipeline.php(167): Illuminate\\Foundation\\Http\\Middleware\\VerifyCsrfToken->handle()
#12 /home/909502.cloudwaysapps.com/dphjjcvmmc/public_html/vendor/laravel/framework/src/Illuminate/View/Middleware/ShareErrorsFromSession.php(49): Illuminate\\Pipeline\\Pipeline->Illuminate\\Pipeline\\{closure}()
#13 /home/909502.cloudwaysapps.com/dphjjcvmmc/public_html/vendor/laravel/framework/src/Illuminate/Pipeline/Pipeline.php(167): Illuminate\\View\\Middleware\\ShareErrorsFromSession->handle()
#14 /home/909502.cloudwaysapps.com/dphjjcvmmc/public_html/vendor/laravel/framework/src/Illuminate/Session/Middleware/StartSession.php(116): Illuminate\\Pipeline\\Pipeline->Illuminate\\Pipeline\\{closure}()
#15 /home/909502.cloudwaysapps.com/dphjjcvmmc/public_html/vendor/laravel/framework/src/Illuminate/Session/Middleware/StartSession.php(62): Illuminate\\Session\\Middleware\\StartSession->handleStatefulRequest()
#16 /home/909502.cloudwaysapps.com/dphjjcvmmc/public_html/vendor/laravel/framework/src/Illuminate/Pipeline/Pipeline.php(167): Illuminate\\Session\\Middleware\\StartSession->handle()
#17 /home/909502.cloudwaysapps.com/dphjjcvmmc/public_html/vendor/laravel/framework/src/Illuminate/Cookie/Middleware/AddQueuedCookiesToResponse.php(37): Illuminate\\Pipeline\\Pipeline->Illuminate\\Pipeline\\{closure}()
#18 /home/909502.cloudwaysapps.com/dphjjcvmmc/public_html/vendor/laravel/framework/src/Illuminate/Pipeline/Pipeline.php(167): Illuminate\\Cookie\\Middleware\\AddQueuedCookiesToResponse->handle()
#19 /home/909502.cloudwaysapps.com/dphjjcvmmc/public_html/vendor/laravel/framework/src/Illuminate/Cookie/Middleware/EncryptCookies.php(67): Illuminate\\Pipeline\\Pipeline->Illuminate\\Pipeline\\{closure}()
#20 /home/909502.cloudwaysapps.com/dphjjcvmmc/public_html/vendor/laravel/framework/src/Illuminate/Pipeline/Pipeline.php(167): Illuminate\\Cookie\\Middleware\\EncryptCookies->handle()
#21 /home/909502.cloudwaysapps.com/dphjjcvmmc/public_html/vendor/laravel/framework/src/Illuminate/Pipeline/Pipeline.php(103): Illuminate\\Pipeline\\Pipeline->Illuminate\\Pipeline\\{closure}()
#22 /home/909502.cloudwaysapps.com/dphjjcvmmc/public_html/vendor/laravel/framework/src/Illuminate/Routing/Router.php(687): Illuminate\\Pipeline\\Pipeline->then()
#23 /home/909502.cloudwaysapps.com/dphjjcvmmc/public_html/vendor/laravel/framework/src/Illuminate/Routing/Router.php(662): Illuminate\\Routing\\Router->runRouteWithinStack()
#24 /home/909502.cloudwaysapps.com/dphjjcvmmc/public_html/vendor/laravel/framework/src/Illuminate/Routing/Router.php(628): Illuminate\\Routing\\Router->runRoute()
#25 /home/909502.cloudwaysapps.com/dphjjcvmmc/public_html/vendor/laravel/framework/src/Illuminate/Routing/Router.php(617): Illuminate\\Routing\\Router->dispatchToRoute()
#26 /home/909502.cloudwaysapps.com/dphjjcvmmc/public_html/vendor/laravel/framework/src/Illuminate/Foundation/Http/Kernel.php(165): Illuminate\\Routing\\Router->dispatch()
#27 /home/909502.cloudwaysapps.com/dphjjcvmmc/public_html/vendor/laravel/framework/src/Illuminate/Pipeline/Pipeline.php(128): Illuminate\\Foundation\\Http\\Kernel->Illuminate\\Foundation\\Http\\{closure}()
#28 /home/909502.cloudwaysapps.com/dphjjcvmmc/public_html/vendor/barryvdh/laravel-debugbar/src/Middleware/InjectDebugbar.php(59): Illuminate\\Pipeline\\Pipeline->Illuminate\\Pipeline\\{closure}()
#29 /home/909502.cloudwaysapps.com/dphjjcvmmc/public_html/vendor/laravel/framework/src/Illuminate/Pipeline/Pipeline.php(167): Barryvdh\\Debugbar\\Middleware\\InjectDebugbar->handle()
#30 /home/909502.cloudwaysapps.com/dphjjcvmmc/public_html/vendor/laravel/framework/src/Illuminate/Foundation/Http/Middleware/TransformsRequest.php(21): Illuminate\\Pipeline\\Pipeline->Illuminate\\Pipeline\\{closure}()
#31 /home/909502.cloudwaysapps.com/dphjjcvmmc/public_html/vendor/laravel/framework/src/Illuminate/Pipeline/Pipeline.php(167): Illuminate\\Foundation\\Http\\Middleware\\TransformsRequest->handle()
#32 /home/909502.cloudwaysapps.com/dphjjcvmmc/public_html/vendor/laravel/framework/src/Illuminate/Foundation/Http/Middleware/TransformsRequest.php(21): Illuminate\\Pipeline\\Pipeline->Illuminate\\Pipeline\\{closure}()
#33 /home/909502.cloudwaysapps.com/dphjjcvmmc/public_html/vendor/laravel/framework/src/Illuminate/Pipeline/Pipeline.php(167): Illuminate\\Foundation\\Http\\Middleware\\TransformsRequest->handle()
#34 /home/909502.cloudwaysapps.com/dphjjcvmmc/public_html/vendor/laravel/framework/src/Illuminate/Foundation/Http/Middleware/ValidatePostSize.php(27): Illuminate\\Pipeline\\Pipeline->Illuminate\\Pipeline\\{closure}()
#35 /home/909502.cloudwaysapps.com/dphjjcvmmc/public_html/vendor/laravel/framework/src/Illuminate/Pipeline/Pipeline.php(167): Illuminate\\Foundation\\Http\\Middleware\\ValidatePostSize->handle()
#36 /home/909502.cloudwaysapps.com/dphjjcvmmc/public_html/vendor/laravel/framework/src/Illuminate/Foundation/Http/Middleware/CheckForMaintenanceMode.php(63): Illuminate\\Pipeline\\Pipeline->Illuminate\\Pipeline\\{closure}()
#37 /home/909502.cloudwaysapps.com/dphjjcvmmc/public_html/vendor/laravel/framework/src/Illuminate/Pipeline/Pipeline.php(167): Illuminate\\Foundation\\Http\\Middleware\\CheckForMaintenanceMode->handle()
#38 /home/909502.cloudwaysapps.com/dphjjcvmmc/public_html/vendor/fideloper/proxy/src/TrustProxies.php(57): Illuminate\\Pipeline\\Pipeline->Illuminate\\Pipeline\\{closure}()
#39 /home/909502.cloudwaysapps.com/dphjjcvmmc/public_html/vendor/laravel/framework/src/Illuminate/Pipeline/Pipeline.php(167): Fideloper\\Proxy\\TrustProxies->handle()
#40 /home/909502.cloudwaysapps.com/dphjjcvmmc/public_html/vendor/laravel/framework/src/Illuminate/Pipeline/Pipeline.php(103): Illuminate\\Pipeline\\Pipeline->Illuminate\\Pipeline\\{closure}()
#41 /home/909502.cloudwaysapps.com/dphjjcvmmc/public_html/vendor/laravel/framework/src/Illuminate/Foundation/Http/Kernel.php(140): Illuminate\\Pipeline\\Pipeline->then()
#42 /home/909502.cloudwaysapps.com/dphjjcvmmc/public_html/vendor/laravel/framework/src/Illuminate/Foundation/Http/Kernel.php(109): Illuminate\\Foundation\\Http\\Kernel->sendRequestThroughRouter()
#43 /home/909502.cloudwaysapps.com/dphjjcvmmc/public_html/public/index.php(55): Illuminate\\Foundation\\Http\\Kernel->handle()
#44 {main}
"} 
[2023-01-04 05:05:58] local.ERROR: copy(/home/909502.cloudwaysapps.com/dphjjcvmmc/public_html/app/Providers/RouteServiceProvider.php): Failed to open stream: Permission denied {"exception":"[object] (ErrorException(code: 0): copy(/home/909502.cloudwaysapps.com/dphjjcvmmc/public_html/app/Providers/RouteServiceProvider.php): Failed to open stream: Permission denied at /home/909502.cloudwaysapps.com/dphjjcvmmc/public_html/app/Http/Controllers/UpdateController.php:41)
[stacktrace]
#0 [internal function]: Illuminate\\Foundation\\Bootstrap\\HandleExceptions->handleError()
#1 /home/909502.cloudwaysapps.com/dphjjcvmmc/public_html/app/Http/Controllers/UpdateController.php(41): copy()
#2 /home/909502.cloudwaysapps.com/dphjjcvmmc/public_html/vendor/laravel/framework/src/Illuminate/Routing/Controller.php(54): App\\Http\\Controllers\\UpdateController->update_software()
#3 /home/909502.cloudwaysapps.com/dphjjcvmmc/public_html/vendor/laravel/framework/src/Illuminate/Routing/ControllerDispatcher.php(45): Illuminate\\Routing\\Controller->callAction()
#4 /home/909502.cloudwaysapps.com/dphjjcvmmc/public_html/vendor/laravel/framework/src/Illuminate/Routing/Route.php(239): Illuminate\\Routing\\ControllerDispatcher->dispatch()
#5 /home/909502.cloudwaysapps.com/dphjjcvmmc/public_html/vendor/laravel/framework/src/Illuminate/Routing/Route.php(196): Illuminate\\Routing\\Route->runController()
#6 /home/909502.cloudwaysapps.com/dphjjcvmmc/public_html/vendor/laravel/framework/src/Illuminate/Routing/Router.php(685): Illuminate\\Routing\\Route->run()
#7 /home/909502.cloudwaysapps.com/dphjjcvmmc/public_html/vendor/laravel/framework/src/Illuminate/Pipeline/Pipeline.php(128): Illuminate\\Routing\\Router->Illuminate\\Routing\\{closure}()
#8 /home/909502.cloudwaysapps.com/dphjjcvmmc/public_html/vendor/laravel/framework/src/Illuminate/Routing/Middleware/SubstituteBindings.php(41): Illuminate\\Pipeline\\Pipeline->Illuminate\\Pipeline\\{closure}()
#9 /home/909502.cloudwaysapps.com/dphjjcvmmc/public_html/vendor/laravel/framework/src/Illuminate/Pipeline/Pipeline.php(167): Illuminate\\Routing\\Middleware\\SubstituteBindings->handle()
#10 /home/909502.cloudwaysapps.com/dphjjcvmmc/public_html/vendor/laravel/framework/src/Illuminate/Foundation/Http/Middleware/VerifyCsrfToken.php(78): Illuminate\\Pipeline\\Pipeline->Illuminate\\Pipeline\\{closure}()
#11 /home/909502.cloudwaysapps.com/dphjjcvmmc/public_html/vendor/laravel/framework/src/Illuminate/Pipeline/Pipeline.php(167): Illuminate\\Foundation\\Http\\Middleware\\VerifyCsrfToken->handle()
#12 /home/909502.cloudwaysapps.com/dphjjcvmmc/public_html/vendor/laravel/framework/src/Illuminate/View/Middleware/ShareErrorsFromSession.php(49): Illuminate\\Pipeline\\Pipeline->Illuminate\\Pipeline\\{closure}()
#13 /home/909502.cloudwaysapps.com/dphjjcvmmc/public_html/vendor/laravel/framework/src/Illuminate/Pipeline/Pipeline.php(167): Illuminate\\View\\Middleware\\ShareErrorsFromSession->handle()
#14 /home/909502.cloudwaysapps.com/dphjjcvmmc/public_html/vendor/laravel/framework/src/Illuminate/Session/Middleware/StartSession.php(116): Illuminate\\Pipeline\\Pipeline->Illuminate\\Pipeline\\{closure}()
#15 /home/909502.cloudwaysapps.com/dphjjcvmmc/public_html/vendor/laravel/framework/src/Illuminate/Session/Middleware/StartSession.php(62): Illuminate\\Session\\Middleware\\StartSession->handleStatefulRequest()
#16 /home/909502.cloudwaysapps.com/dphjjcvmmc/public_html/vendor/laravel/framework/src/Illuminate/Pipeline/Pipeline.php(167): Illuminate\\Session\\Middleware\\StartSession->handle()
#17 /home/909502.cloudwaysapps.com/dphjjcvmmc/public_html/vendor/laravel/framework/src/Illuminate/Cookie/Middleware/AddQueuedCookiesToResponse.php(37): Illuminate\\Pipeline\\Pipeline->Illuminate\\Pipeline\\{closure}()
#18 /home/909502.cloudwaysapps.com/dphjjcvmmc/public_html/vendor/laravel/framework/src/Illuminate/Pipeline/Pipeline.php(167): Illuminate\\Cookie\\Middleware\\AddQueuedCookiesToResponse->handle()
#19 /home/909502.cloudwaysapps.com/dphjjcvmmc/public_html/vendor/laravel/framework/src/Illuminate/Cookie/Middleware/EncryptCookies.php(67): Illuminate\\Pipeline\\Pipeline->Illuminate\\Pipeline\\{closure}()
#20 /home/909502.cloudwaysapps.com/dphjjcvmmc/public_html/vendor/laravel/framework/src/Illuminate/Pipeline/Pipeline.php(167): Illuminate\\Cookie\\Middleware\\EncryptCookies->handle()
#21 /home/909502.cloudwaysapps.com/dphjjcvmmc/public_html/vendor/laravel/framework/src/Illuminate/Pipeline/Pipeline.php(103): Illuminate\\Pipeline\\Pipeline->Illuminate\\Pipeline\\{closure}()
#22 /home/909502.cloudwaysapps.com/dphjjcvmmc/public_html/vendor/laravel/framework/src/Illuminate/Routing/Router.php(687): Illuminate\\Pipeline\\Pipeline->then()
#23 /home/909502.cloudwaysapps.com/dphjjcvmmc/public_html/vendor/laravel/framework/src/Illuminate/Routing/Router.php(662): Illuminate\\Routing\\Router->runRouteWithinStack()
#24 /home/909502.cloudwaysapps.com/dphjjcvmmc/public_html/vendor/laravel/framework/src/Illuminate/Routing/Router.php(628): Illuminate\\Routing\\Router->runRoute()
#25 /home/909502.cloudwaysapps.com/dphjjcvmmc/public_html/vendor/laravel/framework/src/Illuminate/Routing/Router.php(617): Illuminate\\Routing\\Router->dispatchToRoute()
#26 /home/909502.cloudwaysapps.com/dphjjcvmmc/public_html/vendor/laravel/framework/src/Illuminate/Foundation/Http/Kernel.php(165): Illuminate\\Routing\\Router->dispatch()
#27 /home/909502.cloudwaysapps.com/dphjjcvmmc/public_html/vendor/laravel/framework/src/Illuminate/Pipeline/Pipeline.php(128): Illuminate\\Foundation\\Http\\Kernel->Illuminate\\Foundation\\Http\\{closure}()
#28 /home/909502.cloudwaysapps.com/dphjjcvmmc/public_html/vendor/barryvdh/laravel-debugbar/src/Middleware/InjectDebugbar.php(66): Illuminate\\Pipeline\\Pipeline->Illuminate\\Pipeline\\{closure}()
#29 /home/909502.cloudwaysapps.com/dphjjcvmmc/public_html/vendor/laravel/framework/src/Illuminate/Pipeline/Pipeline.php(167): Barryvdh\\Debugbar\\Middleware\\InjectDebugbar->handle()
#30 /home/909502.cloudwaysapps.com/dphjjcvmmc/public_html/vendor/laravel/framework/src/Illuminate/Foundation/Http/Middleware/TransformsRequest.php(21): Illuminate\\Pipeline\\Pipeline->Illuminate\\Pipeline\\{closure}()
#31 /home/909502.cloudwaysapps.com/dphjjcvmmc/public_html/vendor/laravel/framework/src/Illuminate/Pipeline/Pipeline.php(167): Illuminate\\Foundation\\Http\\Middleware\\TransformsRequest->handle()
#32 /home/909502.cloudwaysapps.com/dphjjcvmmc/public_html/vendor/laravel/framework/src/Illuminate/Foundation/Http/Middleware/TransformsRequest.php(21): Illuminate\\Pipeline\\Pipeline->Illuminate\\Pipeline\\{closure}()
#33 /home/909502.cloudwaysapps.com/dphjjcvmmc/public_html/vendor/laravel/framework/src/Illuminate/Pipeline/Pipeline.php(167): Illuminate\\Foundation\\Http\\Middleware\\TransformsRequest->handle()
#34 /home/909502.cloudwaysapps.com/dphjjcvmmc/public_html/vendor/laravel/framework/src/Illuminate/Foundation/Http/Middleware/ValidatePostSize.php(27): Illuminate\\Pipeline\\Pipeline->Illuminate\\Pipeline\\{closure}()
#35 /home/909502.cloudwaysapps.com/dphjjcvmmc/public_html/vendor/laravel/framework/src/Illuminate/Pipeline/Pipeline.php(167): Illuminate\\Foundation\\Http\\Middleware\\ValidatePostSize->handle()
#36 /home/909502.cloudwaysapps.com/dphjjcvmmc/public_html/vendor/laravel/framework/src/Illuminate/Foundation/Http/Middleware/CheckForMaintenanceMode.php(63): Illuminate\\Pipeline\\Pipeline->Illuminate\\Pipeline\\{closure}()
#37 /home/909502.cloudwaysapps.com/dphjjcvmmc/public_html/vendor/laravel/framework/src/Illuminate/Pipeline/Pipeline.php(167): Illuminate\\Foundation\\Http\\Middleware\\CheckForMaintenanceMode->handle()
#38 /home/909502.cloudwaysapps.com/dphjjcvmmc/public_html/vendor/fideloper/proxy/src/TrustProxies.php(57): Illuminate\\Pipeline\\Pipeline->Illuminate\\Pipeline\\{closure}()
#39 /home/909502.cloudwaysapps.com/dphjjcvmmc/public_html/vendor/laravel/framework/src/Illuminate/Pipeline/Pipeline.php(167): Fideloper\\Proxy\\TrustProxies->handle()
#40 /home/909502.cloudwaysapps.com/dphjjcvmmc/public_html/vendor/laravel/framework/src/Illuminate/Pipeline/Pipeline.php(103): Illuminate\\Pipeline\\Pipeline->Illuminate\\Pipeline\\{closure}()
#41 /home/909502.cloudwaysapps.com/dphjjcvmmc/public_html/vendor/laravel/framework/src/Illuminate/Foundation/Http/Kernel.php(140): Illuminate\\Pipeline\\Pipeline->then()
#42 /home/909502.cloudwaysapps.com/dphjjcvmmc/public_html/vendor/laravel/framework/src/Illuminate/Foundation/Http/Kernel.php(109): Illuminate\\Foundation\\Http\\Kernel->sendRequestThroughRouter()
#43 /home/909502.cloudwaysapps.com/dphjjcvmmc/public_html/public/index.php(55): Illuminate\\Foundation\\Http\\Kernel->handle()
#44 {main}
"} 
